Build started 2016-05-18 00:00:18.
     1>Project "C:\Users\Gruby\Documents\Visual Studio 2015\Projects\PracaMagisterska\App\App.vcxproj" on node 4 (Build target(s)).
     1>ClCompile:
         C:\Program Files (x86)\Microsoft Visual Studio 14.0\VC\bin\CL.exe /c /Zi /nologo /W3 /WX- /sdl /O2 /Oi /Oy- /GL /D _MBCS /Gm- /EHsc /MD /GS /Gy /fp:precise /Zc:wchar_t /Zc:forScope /Zc:inline /Fo"Release\\" /Fd"Release\vc140.pdb" /Gd /TP /analyze- /errorReport:prompt main.cpp
         main.cpp
     1>c:\users\gruby\documents\visual studio 2015\projects\pracamagisterska\lib\StringManager.h(88): warning C4018: '<': signed/unsigned mismatch
     1>c:\users\gruby\documents\visual studio 2015\projects\pracamagisterska\lib\StringManager.h(113): warning C4018: '<': signed/unsigned mismatch
     1>c:\users\gruby\documents\visual studio 2015\projects\pracamagisterska\lib\Number.h(120): warning C4018: '<': signed/unsigned mismatch
     1>c:\users\gruby\documents\visual studio 2015\projects\pracamagisterska\lib\Polynomial.h(107): warning C4018: '<': signed/unsigned mismatch
     1>c:\users\gruby\documents\visual studio 2015\projects\pracamagisterska\lib\Polynomial.h(220): warning C4244: 'argument': conversion from 'double' to 'int', possible loss of data
     1>c:\users\gruby\documents\visual studio 2015\projects\pracamagisterska\lib\Polynomial.h(288): warning C4018: '<': signed/unsigned mismatch
     1>c:\users\gruby\documents\visual studio 2015\projects\pracamagisterska\lib\Polynomial.h(297): warning C4018: '<': signed/unsigned mismatch
     1>c:\users\gruby\documents\visual studio 2015\projects\pracamagisterska\lib\Polynomial.h(323): warning C4018: '<': signed/unsigned mismatch
     1>c:\users\gruby\documents\visual studio 2015\projects\pracamagisterska\lib\PolynomialMap.h(253): warning C4018: '<': signed/unsigned mismatch
     1>c:\users\gruby\documents\visual studio 2015\projects\pracamagisterska\lib\PolynomialVector.h(305): warning C4018: '<': signed/unsigned mismatch
     1>c:\users\gruby\documents\visual studio 2015\projects\pracamagisterska\app\../Lib/Parser.h(60): warning C4018: '<': signed/unsigned mismatch
     1>c:\users\gruby\documents\visual studio 2015\projects\pracamagisterska\app\../Lib/Parser.h(132): warning C4018: '<': signed/unsigned mismatch
     1>c:\users\gruby\documents\visual studio 2015\projects\pracamagisterska\app\../Lib/Parser.h(196): warning C4018: '<': signed/unsigned mismatch
       Link:
         C:\Program Files (x86)\Microsoft Visual Studio 14.0\VC\bin\link.exe /ERRORREPORT:PROMPT /OUT:"C:\Users\Gruby\Documents\Visual Studio 2015\Projects\PracaMagisterska\Release\App.exe" /NOLOGO kernel32.lib user32.lib gdi32.lib winspool.lib comdlg32.lib advapi32.lib shell32.lib ole32.lib oleaut32.lib uuid.lib odbc32.lib odbccp32.lib /MANIFEST /MANIFESTUAC:"level='asInvoker' uiAccess='false'" /manifest:embed /Debug /PDB:"C:\Users\Gruby\Documents\Visual Studio 2015\Projects\PracaMagisterska\Release\App.pdb" /OPT:REF /OPT:ICF /LTCG:incremental /TLBID:1 /DYNAMICBASE /NXCOMPAT /IMPLIB:"C:\Users\Gruby\Documents\Visual Studio 2015\Projects\PracaMagisterska\Release\App.lib" /MACHINE:X86 /SAFESEH Release\main.obj
         Generating code
         All 765 functions were compiled because no usable IPDB/IOBJ from previous compilation was found.
         Finished generating code
         App.vcxproj -> C:\Users\Gruby\Documents\Visual Studio 2015\Projects\PracaMagisterska\Release\App.exe
     1>Done Building Project "C:\Users\Gruby\Documents\Visual Studio 2015\Projects\PracaMagisterska\App\App.vcxproj" (Build target(s)).

Build succeeded.

Time Elapsed 00:00:04.18
