Build started 2016-06-06 20:31:03.
     1>Project "C:\Users\Gruby\Documents\Visual Studio 2015\Projects\PracaMagisterska\App\App.vcxproj" on node 2 (Build target(s)).
     1>ClCompile:
         C:\Program Files (x86)\Microsoft Visual Studio 14.0\VC\bin\x86_amd64\CL.exe /c /Zi /nologo /W3 /WX- /sdl /O2 /Oi /GL /D _MBCS /Gm- /EHsc /MD /GS /Gy /fp:precise /Zc:wchar_t /Zc:forScope /Zc:inline /Fo"x64\Release\\" /Fd"x64\Release\vc140.pdb" /Gd /TP /errorReport:prompt main.cpp
         main.cpp
     1>c:\users\gruby\documents\visual studio 2015\projects\pracamagisterska\lib\StringManager.h(65): warning C4267: 'return': conversion from 'size_t' to 'int', possible loss of data
     1>c:\users\gruby\documents\visual studio 2015\projects\pracamagisterska\lib\StringManager.h(70): warning C4267: 'return': conversion from 'size_t' to 'int', possible loss of data
     1>c:\users\gruby\documents\visual studio 2015\projects\pracamagisterska\lib\StringManager.h(97): warning C4267: 'argument': conversion from 'size_t' to 'int', possible loss of data
     1>c:\users\gruby\documents\visual studio 2015\projects\pracamagisterska\lib\Number.h(462): warning C4267: 'argument': conversion from 'size_t' to 'int', possible loss of data
     1>c:\users\gruby\documents\visual studio 2015\projects\pracamagisterska\lib\PolynomialMap.h(87): warning C4267: 'return': conversion from 'size_t' to 'int', possible loss of data
     1>c:\users\gruby\documents\visual studio 2015\projects\pracamagisterska\lib\PolynomialMap.h(198): warning C4267: 'argument': conversion from 'size_t' to 'int', possible loss of data
     1>c:\users\gruby\documents\visual studio 2015\projects\pracamagisterska\lib\PolynomialVector.h(89): warning C4267: 'return': conversion from 'size_t' to 'int', possible loss of data
     1>c:\users\gruby\documents\visual studio 2015\projects\pracamagisterska\lib\PolynomialVector.h(247): warning C4267: 'argument': conversion from 'size_t' to 'int', possible loss of data
     1>c:\users\gruby\documents\visual studio 2015\projects\pracamagisterska\app\../Lib/Parser.h(144): warning C4267: 'argument': conversion from 'size_t' to 'int', possible loss of data
     1>c:\users\gruby\documents\visual studio 2015\projects\pracamagisterska\app\../Lib/Parser.h(157): warning C4267: 'argument': conversion from 'size_t' to 'int', possible loss of data
       Link:
         C:\Program Files (x86)\Microsoft Visual Studio 14.0\VC\bin\x86_amd64\link.exe /ERRORREPORT:PROMPT /OUT:"C:\Users\Gruby\Documents\Visual Studio 2015\Projects\PracaMagisterska\x64\Release\App.exe" /NOLOGO kernel32.lib user32.lib gdi32.lib winspool.lib comdlg32.lib advapi32.lib shell32.lib ole32.lib oleaut32.lib uuid.lib odbc32.lib odbccp32.lib /MANIFEST /MANIFESTUAC:"level='asInvoker' uiAccess='false'" /manifest:embed /Debug /PDB:"C:\Users\Gruby\Documents\Visual Studio 2015\Projects\PracaMagisterska\x64\Release\App.pdb" /OPT:REF /OPT:ICF /LTCG:incremental /TLBID:1 /DYNAMICBASE /NXCOMPAT /IMPLIB:"C:\Users\Gruby\Documents\Visual Studio 2015\Projects\PracaMagisterska\x64\Release\App.lib" /MACHINE:X64 x64\Release\main.obj
         "C:\Program Files (x86)\Microsoft Visual Studio 14.0\mpir-2.7.2\build.vc14\dll_mpir_nehalem\x64\Release\mpir.lib"
         Generating code
         All 1020 functions were compiled because no usable IPDB/IOBJ from previous compilation was found.
         Finished generating code
         App.vcxproj -> C:\Users\Gruby\Documents\Visual Studio 2015\Projects\PracaMagisterska\x64\Release\App.exe
     1>Done Building Project "C:\Users\Gruby\Documents\Visual Studio 2015\Projects\PracaMagisterska\App\App.vcxproj" (Build target(s)).

Build succeeded.

Time Elapsed 00:00:02.97
